<?xml version="1.0" encoding="UTF-8"?>
<!-- Generated by org.testng.reporters.JUnitReportReporter -->
<testsuite skipped="0" hostname="SVRODK00072" name="tests.HomePageTest" tests="1" failures="0" timestamp="02 Aug 2018 13:41:36 GMT" time="8.137" errors="0">
  <testcase name="testHomePage" time="8.137" classname="tests.HomePageTest"/>
</testsuite> <!-- tests.HomePageTest -->
