<?xml version="1.0" encoding="UTF-8"?>
<!-- Generated by org.testng.reporters.JUnitReportReporter -->
<testsuite skipped="0" hostname="SVRODK00072" name="tests.BaseTest" tests="1" failures="0" timestamp="02 Aug 2018 13:50:37 GMT" time="0.114" errors="0">
  <testcase name="testFindBy" time="0.114" classname="tests.BaseTest"/>
</testsuite> <!-- tests.BaseTest -->
